2023-07-23 13:37:41,192 [main] INFO 11MarchMaven_project - open Browser
2023-07-23 13:37:41,216 [main] INFO 11MarchMaven_project - Maximize the browser
2023-07-23 13:37:44,437 [main] INFO 11MarchMaven_project - Open URL
2023-07-23 13:37:45,571 [main] INFO 11MarchMaven_project - Enter the user email
2023-07-23 13:37:45,885 [main] INFO 11MarchMaven_project - select male gender
2023-07-23 13:37:46,135 [main] INFO 11MarchMaven_project - select female gender
2023-07-23 13:37:46,227 [main] INFO 11MarchMaven_project - enter the first name
2023-07-23 13:37:46,302 [main] INFO 11MarchMaven_project - enter the second name
2023-07-23 13:37:46,350 [main] INFO 11MarchMaven_project - enter the month
2023-07-23 13:37:46,387 [main] INFO 11MarchMaven_project - enter the day 
2023-07-23 13:37:46,435 [main] INFO 11MarchMaven_project - enter the year
2023-07-23 13:37:46,579 [main] INFO 11MarchMaven_project - enter the gmail
2023-07-23 13:37:46,716 [main] INFO 11MarchMaven_project - enter the company name
2023-07-23 13:37:46,805 [main] INFO 11MarchMaven_project - enter the password 
2023-07-23 13:37:46,883 [main] INFO 11MarchMaven_project - enter the confirmpassword
2023-07-23 13:37:48,272 [main] INFO 11MarchMaven_project - pass testcase
2023-07-23 13:37:48,281 [main] INFO 11MarchMaven_project - true testcase
2023-07-23 13:39:38,591 [main] INFO 11MarchMaven_project - open Browser
2023-07-23 13:39:38,621 [main] INFO 11MarchMaven_project - Maximize the browser
2023-07-23 13:39:41,381 [main] INFO 11MarchMaven_project - Open URL
2023-07-23 13:39:42,280 [main] INFO 11MarchMaven_project - Enter the user email
2023-07-23 13:39:42,649 [main] INFO 11MarchMaven_project - select male gender
2023-07-23 13:39:42,901 [main] INFO 11MarchMaven_project - select female gender
2023-07-23 13:39:43,014 [main] INFO 11MarchMaven_project - enter the first name
2023-07-23 13:39:43,113 [main] INFO 11MarchMaven_project - enter the second name
2023-07-23 13:39:43,164 [main] INFO 11MarchMaven_project - enter the month
2023-07-23 13:39:43,204 [main] INFO 11MarchMaven_project - enter the day 
2023-07-23 13:39:43,247 [main] INFO 11MarchMaven_project - enter the year
2023-07-23 13:39:43,346 [main] INFO 11MarchMaven_project - enter the gmail
2023-07-23 13:39:43,445 [main] INFO 11MarchMaven_project - enter the company name
2023-07-23 13:39:43,505 [main] INFO 11MarchMaven_project - enter the password 
2023-07-23 13:39:43,570 [main] INFO 11MarchMaven_project - enter the confirmpassword
2023-07-23 13:39:45,285 [main] INFO 11MarchMaven_project - pass testcase
2023-07-23 13:39:45,297 [main] INFO 11MarchMaven_project - true testcase
2023-07-23 13:47:46,890 [main] INFO 11MarchMaven_project - open Browser
2023-07-23 13:47:46,921 [main] INFO 11MarchMaven_project - Maximize the browser
2023-07-23 13:47:50,517 [main] INFO 11MarchMaven_project - Open URL
2023-07-23 13:47:51,692 [main] INFO 11MarchMaven_project - Enter the user email
2023-07-23 13:47:52,025 [main] INFO 11MarchMaven_project - select male gender
2023-07-23 13:47:52,272 [main] INFO 11MarchMaven_project - select female gender
2023-07-23 13:47:52,362 [main] INFO 11MarchMaven_project - enter the first name
2023-07-23 13:47:52,427 [main] INFO 11MarchMaven_project - enter the second name
2023-07-23 13:47:52,477 [main] INFO 11MarchMaven_project - enter the month
2023-07-23 13:47:52,512 [main] INFO 11MarchMaven_project - enter the day 
2023-07-23 13:47:52,562 [main] INFO 11MarchMaven_project - enter the year
2023-07-23 13:47:52,647 [main] INFO 11MarchMaven_project - enter the gmail
2023-07-23 13:47:52,732 [main] INFO 11MarchMaven_project - enter the company name
2023-07-23 13:47:52,793 [main] INFO 11MarchMaven_project - enter the password 
2023-07-23 13:47:52,857 [main] INFO 11MarchMaven_project - enter the confirmpassword
2023-07-23 13:47:54,244 [main] INFO 11MarchMaven_project - pass testcase
2023-07-23 13:47:54,253 [main] INFO 11MarchMaven_project - true testcase
2023-07-23 13:53:47,679 [main] INFO 11MarchMaven_project - open Browser
2023-07-23 13:53:47,702 [main] INFO 11MarchMaven_project - Maximize the browser
2023-07-23 13:53:50,744 [main] INFO 11MarchMaven_project - Open URL
2023-07-23 13:53:51,760 [main] INFO 11MarchMaven_project - Enter the user email
2023-07-23 13:53:52,158 [main] INFO 11MarchMaven_project - select male gender
2023-07-23 13:53:52,404 [main] INFO 11MarchMaven_project - select female gender
2023-07-23 13:53:52,511 [main] INFO 11MarchMaven_project - enter the first name
2023-07-23 13:53:52,580 [main] INFO 11MarchMaven_project - enter the second name
2023-07-23 13:53:52,638 [main] INFO 11MarchMaven_project - enter the month
2023-07-23 13:53:52,675 [main] INFO 11MarchMaven_project - enter the day 
2023-07-23 13:53:52,726 [main] INFO 11MarchMaven_project - enter the year
2023-07-23 13:53:52,825 [main] INFO 11MarchMaven_project - enter the gmail
2023-07-23 13:53:52,909 [main] INFO 11MarchMaven_project - enter the company name
2023-07-23 13:53:52,978 [main] INFO 11MarchMaven_project - enter the password 
2023-07-23 13:53:53,042 [main] INFO 11MarchMaven_project - enter the confirmpassword
2023-07-23 13:53:54,732 [main] INFO 11MarchMaven_project - pass testcase
2023-07-23 13:53:54,745 [main] INFO 11MarchMaven_project - true testcase
2023-07-23 14:26:24,763 [main] INFO 11MarchMaven_project - open Browser
2023-07-23 14:26:24,789 [main] INFO 11MarchMaven_project - Maximize the browser
2023-07-23 14:26:28,278 [main] INFO 11MarchMaven_project - Open URL
2023-07-23 14:26:29,526 [main] INFO 11MarchMaven_project - Enter the user email
2023-07-23 14:26:29,891 [main] INFO 11MarchMaven_project - select male gender
2023-07-23 14:26:30,167 [main] INFO 11MarchMaven_project - select female gender
2023-07-23 14:26:30,259 [main] INFO 11MarchMaven_project - enter the first name
2023-07-23 14:26:30,359 [main] INFO 11MarchMaven_project - enter the second name
2023-07-23 14:26:30,411 [main] INFO 11MarchMaven_project - enter the month
2023-07-23 14:26:30,457 [main] INFO 11MarchMaven_project - enter the day 
2023-07-23 14:26:30,513 [main] INFO 11MarchMaven_project - enter the year
2023-07-23 14:26:30,628 [main] INFO 11MarchMaven_project - enter the gmail
2023-07-23 14:26:30,727 [main] INFO 11MarchMaven_project - enter the company name
2023-07-23 14:26:30,827 [main] INFO 11MarchMaven_project - enter the password 
2023-07-23 14:26:30,907 [main] INFO 11MarchMaven_project - enter the confirmpassword
2023-07-23 17:52:19,759 [main] INFO 11MarchMaven_project - open Browser
2023-07-23 17:52:19,807 [main] INFO 11MarchMaven_project - Maximize the browser
2023-07-23 17:52:23,057 [main] INFO 11MarchMaven_project - Open URL
2023-07-23 17:52:24,242 [main] INFO 11MarchMaven_project - Enter the user email
2023-07-23 17:52:24,568 [main] INFO 11MarchMaven_project - select male gender
2023-07-23 17:52:24,842 [main] INFO 11MarchMaven_project - select female gender
2023-07-23 17:52:24,924 [main] INFO 11MarchMaven_project - enter the first name
2023-07-23 17:52:25,002 [main] INFO 11MarchMaven_project - enter the second name
2023-07-23 17:52:25,052 [main] INFO 11MarchMaven_project - enter the month
2023-07-23 17:52:25,086 [main] INFO 11MarchMaven_project - enter the day 
2023-07-23 17:52:25,157 [main] INFO 11MarchMaven_project - enter the year
2023-07-23 17:52:25,301 [main] INFO 11MarchMaven_project - enter the gmail
2023-07-23 17:52:25,399 [main] INFO 11MarchMaven_project - enter the company name
2023-07-23 17:52:25,471 [main] INFO 11MarchMaven_project - enter the password 
2023-07-23 17:52:25,537 [main] INFO 11MarchMaven_project - enter the confirmpassword
2023-07-23 17:55:36,733 [main] INFO 11MarchMaven_project - open Browser
2023-07-23 17:55:36,759 [main] INFO 11MarchMaven_project - Maximize the browser
2023-07-23 17:55:45,427 [main] INFO 11MarchMaven_project - Open URL
2023-07-23 17:55:47,005 [main] INFO 11MarchMaven_project - Enter the user email
2023-07-23 17:55:47,378 [main] INFO 11MarchMaven_project - select male gender
2023-07-23 17:55:47,653 [main] INFO 11MarchMaven_project - select female gender
2023-07-23 17:55:47,741 [main] INFO 11MarchMaven_project - enter the first name
2023-07-23 17:55:47,811 [main] INFO 11MarchMaven_project - enter the second name
2023-07-23 17:55:47,898 [main] INFO 11MarchMaven_project - enter the month
2023-07-23 17:55:47,944 [main] INFO 11MarchMaven_project - enter the day 
2023-07-23 17:55:47,980 [main] INFO 11MarchMaven_project - enter the year
2023-07-23 17:55:48,080 [main] INFO 11MarchMaven_project - enter the gmail
2023-07-23 17:55:48,163 [main] INFO 11MarchMaven_project - enter the company name
2023-07-23 17:55:48,227 [main] INFO 11MarchMaven_project - enter the password 
2023-07-23 17:55:48,309 [main] INFO 11MarchMaven_project - enter the confirmpassword
2023-07-23 18:27:07,698 [main] INFO 11MarchMaven_project - open Browser
2023-07-23 18:27:07,738 [main] INFO 11MarchMaven_project - Maximize the browser
2023-07-23 18:27:10,546 [main] INFO 11MarchMaven_project - Open URL
2023-07-23 18:27:11,724 [main] INFO 11MarchMaven_project - Enter the user email
2023-07-23 18:27:12,113 [main] INFO 11MarchMaven_project - select male gender
2023-07-23 18:27:12,390 [main] INFO 11MarchMaven_project - select female gender
2023-07-23 18:27:12,458 [main] INFO 11MarchMaven_project - enter the first name
2023-07-23 18:27:12,540 [main] INFO 11MarchMaven_project - enter the second name
2023-07-23 18:27:12,612 [main] INFO 11MarchMaven_project - enter the month
2023-07-23 18:27:12,661 [main] INFO 11MarchMaven_project - enter the day 
2023-07-23 18:27:12,708 [main] INFO 11MarchMaven_project - enter the year
2023-07-23 18:27:12,810 [main] INFO 11MarchMaven_project - enter the gmail
2023-07-23 18:27:12,924 [main] INFO 11MarchMaven_project - enter the company name
2023-07-23 18:27:12,990 [main] INFO 11MarchMaven_project - enter the password 
2023-07-23 18:27:13,079 [main] INFO 11MarchMaven_project - enter the confirmpassword
2023-07-23 18:29:44,138 [main] INFO 11MarchMaven_project - open Browser
2023-07-23 18:29:44,189 [main] INFO 11MarchMaven_project - Maximize the browser
2023-07-23 18:29:46,787 [main] INFO 11MarchMaven_project - Open URL
2023-07-23 18:29:48,005 [main] INFO 11MarchMaven_project - Enter the user email
2023-07-23 18:29:48,406 [main] INFO 11MarchMaven_project - select male gender
2023-07-23 18:29:48,671 [main] INFO 11MarchMaven_project - select female gender
2023-07-23 18:29:48,751 [main] INFO 11MarchMaven_project - enter the first name
2023-07-23 18:29:48,836 [main] INFO 11MarchMaven_project - enter the second name
2023-07-23 18:29:48,898 [main] INFO 11MarchMaven_project - enter the month
2023-07-23 18:29:48,956 [main] INFO 11MarchMaven_project - enter the day 
2023-07-23 18:29:49,046 [main] INFO 11MarchMaven_project - enter the year
2023-07-23 18:29:49,176 [main] INFO 11MarchMaven_project - enter the gmail
2023-07-23 18:29:49,280 [main] INFO 11MarchMaven_project - enter the company name
2023-07-23 18:29:49,353 [main] INFO 11MarchMaven_project - enter the password 
2023-07-23 18:29:49,440 [main] INFO 11MarchMaven_project - enter the confirmpassword
2023-07-24 09:34:57,725 [main] INFO 11MarchMaven_project - Enter the user email
2023-07-24 09:34:57,941 [main] INFO 11MarchMaven_project - select male gender
2023-07-24 09:34:58,123 [main] INFO 11MarchMaven_project - select female gender
2023-07-24 09:34:58,319 [main] INFO 11MarchMaven_project - enter the first name
2023-07-24 09:34:58,501 [main] INFO 11MarchMaven_project - enter the second name
2023-07-24 09:34:58,637 [main] INFO 11MarchMaven_project - enter the month
2023-07-24 09:34:58,766 [main] INFO 11MarchMaven_project - enter the day 
2023-07-24 09:34:58,902 [main] INFO 11MarchMaven_project - enter the year
2023-07-24 09:34:59,162 [main] INFO 11MarchMaven_project - enter the gmail
2023-07-24 09:34:59,387 [main] INFO 11MarchMaven_project - enter the company name
2023-07-24 09:34:59,595 [main] INFO 11MarchMaven_project - enter the password 
2023-07-24 09:34:59,801 [main] INFO 11MarchMaven_project - enter the confirmpassword
2023-07-24 09:35:02,326 [main] INFO 11MarchMaven_project - pass testcase
2023-07-24 09:35:02,334 [main] INFO 11MarchMaven_project - true testcase
2023-07-24 09:37:17,234 [main] INFO 11MarchMaven_project - Enter the user email
2023-07-24 09:37:17,388 [main] INFO 11MarchMaven_project - select male gender
2023-07-24 09:37:17,529 [main] INFO 11MarchMaven_project - select female gender
2023-07-24 09:37:17,716 [main] INFO 11MarchMaven_project - enter the first name
2023-07-24 09:37:17,884 [main] INFO 11MarchMaven_project - enter the second name
2023-07-24 09:37:18,013 [main] INFO 11MarchMaven_project - enter the month
2023-07-24 09:37:18,118 [main] INFO 11MarchMaven_project - enter the day 
2023-07-24 09:37:18,243 [main] INFO 11MarchMaven_project - enter the year
2023-07-24 09:37:18,483 [main] INFO 11MarchMaven_project - enter the gmail
2023-07-24 09:37:18,692 [main] INFO 11MarchMaven_project - enter the company name
2023-07-24 09:37:18,872 [main] INFO 11MarchMaven_project - enter the password 
2023-07-24 09:37:19,067 [main] INFO 11MarchMaven_project - enter the confirmpassword
2023-07-24 09:37:21,106 [main] INFO 11MarchMaven_project - pass testcase
2023-07-24 09:37:21,113 [main] INFO 11MarchMaven_project - true testcase
2023-07-24 11:03:21,028 [main] INFO 11MarchMaven_project - Enter the user email
2023-07-24 11:03:21,185 [main] INFO 11MarchMaven_project - select male gender
2023-07-24 11:03:21,305 [main] INFO 11MarchMaven_project - select female gender
2023-07-24 11:03:21,493 [main] INFO 11MarchMaven_project - enter the first name
2023-07-24 11:03:21,670 [main] INFO 11MarchMaven_project - enter the second name
2023-07-24 11:03:21,803 [main] INFO 11MarchMaven_project - enter the month
2023-07-24 11:03:21,920 [main] INFO 11MarchMaven_project - enter the day 
2023-07-24 11:03:22,051 [main] INFO 11MarchMaven_project - enter the year
2023-07-24 11:03:22,294 [main] INFO 11MarchMaven_project - enter the gmail
2023-07-24 11:03:22,521 [main] INFO 11MarchMaven_project - enter the company name
2023-07-24 11:03:22,714 [main] INFO 11MarchMaven_project - enter the password 
2023-07-24 11:03:22,911 [main] INFO 11MarchMaven_project - enter the confirmpassword
2023-07-24 11:03:25,223 [main] INFO 11MarchMaven_project - pass testcase
2023-07-24 11:03:25,230 [main] INFO 11MarchMaven_project - true testcase
2023-07-24 12:22:59,973 [main] INFO 11MarchMaven_project - Enter the user email
2023-07-24 12:23:00,165 [main] INFO 11MarchMaven_project - select male gender
2023-07-24 12:23:00,285 [main] INFO 11MarchMaven_project - select female gender
2023-07-24 12:23:00,493 [main] INFO 11MarchMaven_project - enter the first name
2023-07-24 12:23:00,683 [main] INFO 11MarchMaven_project - enter the second name
2023-07-24 12:23:00,825 [main] INFO 11MarchMaven_project - enter the month
2023-07-24 12:23:00,947 [main] INFO 11MarchMaven_project - enter the day 
2023-07-24 12:23:01,080 [main] INFO 11MarchMaven_project - enter the year
2023-07-24 12:23:01,352 [main] INFO 11MarchMaven_project - enter the gmail
2023-07-24 12:23:01,581 [main] INFO 11MarchMaven_project - enter the company name
2023-07-24 12:23:01,780 [main] INFO 11MarchMaven_project - enter the password 
2023-07-24 12:23:01,969 [main] INFO 11MarchMaven_project - enter the confirmpassword
2023-07-24 12:23:04,280 [main] INFO 11MarchMaven_project - pass testcase
2023-07-24 12:23:04,284 [main] INFO 11MarchMaven_project - true testcase
2023-07-24 13:30:34,062 [main] INFO 11MarchMaven_project - Enter the user email
2023-07-24 13:30:34,249 [main] INFO 11MarchMaven_project - select male gender
2023-07-24 13:30:34,376 [main] INFO 11MarchMaven_project - select female gender
2023-07-24 13:30:34,555 [main] INFO 11MarchMaven_project - enter the first name
2023-07-24 13:30:34,744 [main] INFO 11MarchMaven_project - enter the second name
2023-07-24 13:30:34,883 [main] INFO 11MarchMaven_project - enter the month
2023-07-24 13:30:35,000 [main] INFO 11MarchMaven_project - enter the day 
2023-07-24 13:30:35,131 [main] INFO 11MarchMaven_project - enter the year
2023-07-24 13:30:35,363 [main] INFO 11MarchMaven_project - enter the gmail
2023-07-24 13:30:35,572 [main] INFO 11MarchMaven_project - enter the company name
2023-07-24 13:30:35,764 [main] INFO 11MarchMaven_project - enter the password 
2023-07-24 13:30:35,971 [main] INFO 11MarchMaven_project - enter the confirmpassword
2023-07-24 13:30:37,280 [main] INFO 11MarchMaven_project - pass testcase
2023-07-24 13:30:37,290 [main] INFO 11MarchMaven_project - true testcase
2023-07-24 14:07:47,362 [main] INFO 11MarchMaven_project - Enter the user email
2023-07-24 14:07:47,547 [main] INFO 11MarchMaven_project - select male gender
2023-07-24 14:07:47,672 [main] INFO 11MarchMaven_project - select female gender
2023-07-24 14:07:47,865 [main] INFO 11MarchMaven_project - enter the first name
2023-07-24 14:07:48,069 [main] INFO 11MarchMaven_project - enter the second name
2023-07-24 14:07:48,211 [main] INFO 11MarchMaven_project - enter the month
2023-07-24 14:07:48,329 [main] INFO 11MarchMaven_project - enter the day 
2023-07-24 14:07:48,457 [main] INFO 11MarchMaven_project - enter the year
2023-07-24 14:07:48,799 [main] INFO 11MarchMaven_project - enter the gmail
2023-07-24 14:07:49,031 [main] INFO 11MarchMaven_project - enter the company name
2023-07-24 14:07:49,270 [main] INFO 11MarchMaven_project - enter the password 
2023-07-24 14:07:49,478 [main] INFO 11MarchMaven_project - enter the confirmpassword
2023-07-24 14:07:51,343 [main] INFO 11MarchMaven_project - pass testcase
2023-07-24 14:07:51,348 [main] INFO 11MarchMaven_project - true testcase
2023-07-24 23:08:03,677 [main] INFO 11MarchMaven_project - NewRegistration
2023-07-24 23:08:04,762 [main] INFO 11MarchMaven_project - login
2023-07-24 23:08:05,079 [main] INFO 11MarchMaven_project - Firstname
2023-07-24 23:08:05,305 [main] INFO 11MarchMaven_project - lastname
2023-07-24 23:20:56,418 [main] INFO 11MarchMaven_project - NewRegistration
2023-07-24 23:20:57,258 [main] INFO 11MarchMaven_project - login
2023-07-24 23:20:57,472 [main] INFO 11MarchMaven_project - Firstname
2023-07-24 23:20:57,673 [main] INFO 11MarchMaven_project - lastname
2023-07-24 23:20:57,793 [main] INFO 11MarchMaven_project - male
2023-07-24 23:20:57,901 [main] INFO 11MarchMaven_project - Female
2023-07-24 23:20:58,120 [main] INFO 11MarchMaven_project - email
2023-07-24 23:20:58,308 [main] INFO 11MarchMaven_project - password
2023-07-24 23:20:58,489 [main] INFO 11MarchMaven_project - confirmpassword
2023-07-24 23:20:58,668 [main] INFO 11MarchMaven_project - companyname
2023-07-24 23:21:00,279 [main] INFO 11MarchMaven_project - register
2023-07-24 23:49:56,290 [main] INFO 11MarchMaven_project - NewRegistration
2023-07-24 23:49:58,211 [main] INFO 11MarchMaven_project - login
2023-07-24 23:49:58,449 [main] INFO 11MarchMaven_project - Firstname
2023-07-24 23:49:58,690 [main] INFO 11MarchMaven_project - lastname
2023-07-24 23:49:58,804 [main] INFO 11MarchMaven_project - male
2023-07-24 23:49:58,908 [main] INFO 11MarchMaven_project - Female
2023-07-24 23:49:59,141 [main] INFO 11MarchMaven_project - email
2023-07-24 23:49:59,335 [main] INFO 11MarchMaven_project - password
2023-07-24 23:49:59,550 [main] INFO 11MarchMaven_project - confirmpassword
2023-07-24 23:49:59,729 [main] INFO 11MarchMaven_project - companyname
2023-07-24 23:50:01,835 [main] INFO 11MarchMaven_project - register
2023-07-24 23:50:01,835 [main] INFO 11MarchMaven_project - login successfully
2023-07-25 00:19:08,117 [main] INFO 11MarchMaven_project - email
2023-07-25 00:19:08,314 [main] INFO 11MarchMaven_project - Password
2023-07-25 00:20:16,112 [main] INFO 11MarchMaven_project - email
2023-07-25 00:20:16,302 [main] INFO 11MarchMaven_project - Password
2023-07-25 00:28:07,482 [main] INFO 11MarchMaven_project - NewRegistration
2023-07-25 10:16:23,340 [main] INFO 11MarchMaven_project - NewRegistration
2023-07-25 10:16:24,151 [main] INFO 11MarchMaven_project - login
2023-07-25 10:16:24,348 [main] INFO 11MarchMaven_project - Firstname
2023-07-25 10:16:24,542 [main] INFO 11MarchMaven_project - lastname
2023-07-25 10:16:24,665 [main] INFO 11MarchMaven_project - male
2023-07-25 10:16:24,766 [main] INFO 11MarchMaven_project - Female
2023-07-25 10:16:25,021 [main] INFO 11MarchMaven_project - email
2023-07-25 10:16:25,203 [main] INFO 11MarchMaven_project - password
2023-07-25 10:16:25,378 [main] INFO 11MarchMaven_project - confirmpassword
2023-07-25 10:16:25,575 [main] INFO 11MarchMaven_project - companyname
2023-07-25 10:16:27,386 [main] INFO 11MarchMaven_project - register
2023-07-25 10:16:27,387 [main] INFO 11MarchMaven_project - login successfully
2023-07-25 10:47:47,717 [main] INFO 11MarchMaven_project - NewRegistration
2023-07-25 10:47:48,485 [main] INFO 11MarchMaven_project - login
2023-07-25 10:47:48,686 [main] INFO 11MarchMaven_project - Firstname
2023-07-25 10:47:48,887 [main] INFO 11MarchMaven_project - lastname
2023-07-25 10:47:49,018 [main] INFO 11MarchMaven_project - male
2023-07-25 10:47:49,131 [main] INFO 11MarchMaven_project - Female
2023-07-25 10:47:49,487 [main] INFO 11MarchMaven_project - email
2023-07-25 10:47:49,793 [main] INFO 11MarchMaven_project - password
2023-07-25 10:47:50,120 [main] INFO 11MarchMaven_project - confirmpassword
2023-07-25 10:47:50,313 [main] INFO 11MarchMaven_project - companyname
2023-07-25 10:47:51,464 [main] INFO 11MarchMaven_project - register
2023-07-25 10:47:51,464 [main] INFO 11MarchMaven_project - login successfully
2023-07-25 11:12:05,229 [main] INFO 11MarchMaven_project - NewRegistration
2023-07-25 11:12:06,052 [main] INFO 11MarchMaven_project - login
2023-07-25 11:12:06,267 [main] INFO 11MarchMaven_project - Firstname
2023-07-25 11:12:06,478 [main] INFO 11MarchMaven_project - lastname
2023-07-25 11:12:06,598 [main] INFO 11MarchMaven_project - male
2023-07-25 11:12:06,705 [main] INFO 11MarchMaven_project - Female
2023-07-25 11:12:06,980 [main] INFO 11MarchMaven_project - email
2023-07-25 11:12:07,162 [main] INFO 11MarchMaven_project - password
2023-07-25 11:12:07,338 [main] INFO 11MarchMaven_project - confirmpassword
2023-07-25 11:12:07,506 [main] INFO 11MarchMaven_project - companyname
2023-07-25 11:12:09,084 [main] INFO 11MarchMaven_project - register
2023-07-25 11:12:09,085 [main] INFO 11MarchMaven_project - login successfully
2023-07-25 11:13:21,416 [main] INFO 11MarchMaven_project - NewRegistration
2023-07-25 11:13:22,861 [main] INFO 11MarchMaven_project - login
2023-07-25 11:13:23,049 [main] INFO 11MarchMaven_project - Firstname
2023-07-25 11:13:23,255 [main] INFO 11MarchMaven_project - lastname
2023-07-25 11:13:23,378 [main] INFO 11MarchMaven_project - male
2023-07-25 11:13:23,489 [main] INFO 11MarchMaven_project - Female
2023-07-25 11:13:23,738 [main] INFO 11MarchMaven_project - email
2023-07-25 11:13:23,927 [main] INFO 11MarchMaven_project - password
2023-07-25 11:13:24,099 [main] INFO 11MarchMaven_project - confirmpassword
2023-07-25 11:13:24,259 [main] INFO 11MarchMaven_project - companyname
2023-07-25 11:13:25,418 [main] INFO 11MarchMaven_project - register
2023-07-25 11:13:25,419 [main] INFO 11MarchMaven_project - login successfully
2023-07-25 11:19:29,931 [main] INFO 11MarchMaven_project - NewRegistration
2023-07-25 11:19:32,300 [main] INFO 11MarchMaven_project - login
2023-07-25 11:19:32,517 [main] INFO 11MarchMaven_project - Firstname
2023-07-25 11:19:32,731 [main] INFO 11MarchMaven_project - lastname
2023-07-25 11:19:32,856 [main] INFO 11MarchMaven_project - male
2023-07-25 11:19:32,973 [main] INFO 11MarchMaven_project - Female
2023-07-25 11:19:33,224 [main] INFO 11MarchMaven_project - email
2023-07-25 11:19:33,431 [main] INFO 11MarchMaven_project - password
2023-07-25 11:19:33,684 [main] INFO 11MarchMaven_project - confirmpassword
2023-07-25 11:19:33,915 [main] INFO 11MarchMaven_project - companyname
2023-07-25 11:19:36,656 [main] INFO 11MarchMaven_project - register
2023-07-25 11:19:36,659 [main] INFO 11MarchMaven_project - login successfully
2023-07-25 11:19:38,281 [main] INFO 11MarchMaven_project - Continue
2023-07-25 12:50:00,115 [main] INFO 11MarchMaven_project - addtocart
2023-07-25 13:12:22,184 [main] INFO 11MarchMaven_project - addtocart
2023-07-25 13:12:22,319 [main] INFO 11MarchMaven_project - Add
2023-07-25 13:21:57,929 [main] INFO 11MarchMaven_project - addtocart
2023-07-25 13:21:58,063 [main] INFO 11MarchMaven_project - Add
2023-07-25 13:21:58,149 [main] INFO 11MarchMaven_project - add
2023-07-25 13:37:16,121 [main] INFO 11MarchMaven_project - addtocart
2023-07-25 13:37:16,256 [main] INFO 11MarchMaven_project - Add
2023-07-25 13:37:16,370 [main] INFO 11MarchMaven_project - add
2023-07-25 15:02:36,132 [main] INFO 11MarchMaven_project - addtocart
2023-07-25 17:55:18,970 [main] INFO 11MarchMaven_project - NewRegistration
2023-07-25 17:55:19,787 [main] INFO 11MarchMaven_project - login
2023-07-25 17:55:20,031 [main] INFO 11MarchMaven_project - Firstname
2023-07-25 17:55:20,231 [main] INFO 11MarchMaven_project - lastname
2023-07-25 17:55:20,365 [main] INFO 11MarchMaven_project - male
2023-07-25 17:55:20,467 [main] INFO 11MarchMaven_project - Female
2023-07-25 17:55:20,755 [main] INFO 11MarchMaven_project - email
2023-07-25 17:55:20,963 [main] INFO 11MarchMaven_project - password
2023-07-25 17:55:21,177 [main] INFO 11MarchMaven_project - confirmpassword
2023-07-25 17:55:21,360 [main] INFO 11MarchMaven_project - companyname
2023-07-25 17:55:23,733 [main] INFO 11MarchMaven_project - register
2023-07-25 17:55:23,734 [main] INFO 11MarchMaven_project - login successfully
2023-07-25 17:55:26,110 [main] INFO 11MarchMaven_project - Continue
2023-07-25 18:01:37,869 [main] INFO 11MarchMaven_project - NewRegistration
2023-07-25 18:01:40,284 [main] INFO 11MarchMaven_project - login
2023-07-25 18:01:40,560 [main] INFO 11MarchMaven_project - Firstname
2023-07-25 18:01:40,910 [main] INFO 11MarchMaven_project - lastname
2023-07-25 18:01:41,102 [main] INFO 11MarchMaven_project - male
2023-07-25 18:01:41,280 [main] INFO 11MarchMaven_project - Female
2023-07-25 18:01:41,719 [main] INFO 11MarchMaven_project - email
2023-07-25 18:01:41,929 [main] INFO 11MarchMaven_project - password
2023-07-25 18:01:42,121 [main] INFO 11MarchMaven_project - confirmpassword
2023-07-25 18:01:42,294 [main] INFO 11MarchMaven_project - companyname
2023-07-25 18:01:44,286 [main] INFO 11MarchMaven_project - register
2023-07-25 18:01:44,287 [main] INFO 11MarchMaven_project - login successfully
2023-07-25 18:01:46,236 [main] INFO 11MarchMaven_project - Continue
2023-07-25 18:04:34,672 [main] INFO 11MarchMaven_project - NewRegistration
2023-07-25 18:04:36,278 [main] INFO 11MarchMaven_project - login
2023-07-25 18:04:36,599 [main] INFO 11MarchMaven_project - Firstname
2023-07-25 18:04:36,839 [main] INFO 11MarchMaven_project - lastname
2023-07-25 18:04:37,017 [main] INFO 11MarchMaven_project - male
2023-07-25 18:04:37,136 [main] INFO 11MarchMaven_project - Female
2023-07-25 18:04:37,401 [main] INFO 11MarchMaven_project - email
2023-07-25 18:04:37,600 [main] INFO 11MarchMaven_project - password
2023-07-25 18:04:37,795 [main] INFO 11MarchMaven_project - confirmpassword
2023-07-25 18:04:37,976 [main] INFO 11MarchMaven_project - companyname
2023-07-25 18:04:38,119 [main] INFO 11MarchMaven_project - register
2023-07-25 18:04:38,119 [main] INFO 11MarchMaven_project - login successfully
2023-07-25 18:56:30,491 [main] INFO 11MarchMaven_project - NewRegistration
2023-07-25 18:56:31,341 [main] INFO 11MarchMaven_project - login
2023-07-25 18:56:31,574 [main] INFO 11MarchMaven_project - Firstname
2023-07-25 18:56:31,786 [main] INFO 11MarchMaven_project - lastname
2023-07-25 18:56:31,909 [main] INFO 11MarchMaven_project - male
2023-07-25 18:56:32,007 [main] INFO 11MarchMaven_project - Female
2023-07-25 18:56:32,301 [main] INFO 11MarchMaven_project - email
2023-07-25 18:56:32,563 [main] INFO 11MarchMaven_project - password
2023-07-25 18:56:32,750 [main] INFO 11MarchMaven_project - confirmpassword
2023-07-25 18:56:32,932 [main] INFO 11MarchMaven_project - companyname
2023-07-25 18:56:33,068 [main] INFO 11MarchMaven_project - register
2023-07-25 18:56:33,068 [main] INFO 11MarchMaven_project - login successfully
2023-07-26 17:31:23,753 [main] INFO 11MarchMaven_project - NewRegistration
2023-07-26 17:31:24,709 [main] INFO 11MarchMaven_project - login
2023-07-26 17:31:24,985 [main] INFO 11MarchMaven_project - Firstname
2023-07-26 17:31:25,313 [main] INFO 11MarchMaven_project - lastname
2023-07-26 17:31:25,498 [main] INFO 11MarchMaven_project - male
2023-07-26 17:31:25,628 [main] INFO 11MarchMaven_project - Female
2023-07-26 17:31:25,906 [main] INFO 11MarchMaven_project - email
2023-07-26 17:31:26,136 [main] INFO 11MarchMaven_project - password
2023-07-26 17:31:26,352 [main] INFO 11MarchMaven_project - confirmpassword
2023-07-26 17:31:26,553 [main] INFO 11MarchMaven_project - companyname
2023-07-26 17:31:26,725 [main] INFO 11MarchMaven_project - register
2023-07-26 17:31:26,726 [main] INFO 11MarchMaven_project - login successfully
2023-07-26 17:32:13,333 [main] INFO 11MarchMaven_project - NewRegistration
2023-07-26 17:32:14,520 [main] INFO 11MarchMaven_project - login
2023-07-26 17:32:14,780 [main] INFO 11MarchMaven_project - Firstname
2023-07-26 17:32:15,078 [main] INFO 11MarchMaven_project - lastname
2023-07-26 17:32:15,219 [main] INFO 11MarchMaven_project - male
2023-07-26 17:32:15,366 [main] INFO 11MarchMaven_project - Female
2023-07-26 17:32:15,662 [main] INFO 11MarchMaven_project - email
2023-07-26 17:32:15,901 [main] INFO 11MarchMaven_project - password
2023-07-26 17:32:16,133 [main] INFO 11MarchMaven_project - confirmpassword
2023-07-26 17:32:16,346 [main] INFO 11MarchMaven_project - companyname
2023-07-26 17:32:18,204 [main] INFO 11MarchMaven_project - register
2023-07-26 17:32:18,204 [main] INFO 11MarchMaven_project - login successfully
2023-07-26 17:32:20,135 [main] INFO 11MarchMaven_project - Continue
2023-07-26 22:12:30,285 [main] INFO 11MarchMaven_project - NewRegistration
2023-07-26 22:12:31,480 [main] INFO 11MarchMaven_project - login
2023-07-26 22:12:31,787 [main] INFO 11MarchMaven_project - Firstname
2023-07-26 22:12:32,064 [main] INFO 11MarchMaven_project - lastname
2023-07-26 22:12:32,222 [main] INFO 11MarchMaven_project - male
2023-07-26 22:12:32,351 [main] INFO 11MarchMaven_project - Female
2023-07-26 22:12:32,665 [main] INFO 11MarchMaven_project - email
2023-07-26 22:12:32,926 [main] INFO 11MarchMaven_project - password
2023-07-26 22:12:33,163 [main] INFO 11MarchMaven_project - confirmpassword
2023-07-26 22:12:33,384 [main] INFO 11MarchMaven_project - companyname
2023-07-26 22:12:34,677 [main] INFO 11MarchMaven_project - register
2023-07-26 22:12:34,686 [main] INFO 11MarchMaven_project - login successfully
2023-07-26 22:12:37,704 [main] INFO 11MarchMaven_project - Continue
2023-07-26 22:21:40,149 [main] INFO 11MarchMaven_project - NewRegistration
2023-07-26 22:21:41,229 [main] INFO 11MarchMaven_project - login
2023-07-26 22:21:41,537 [main] INFO 11MarchMaven_project - Firstname
2023-07-26 22:21:41,803 [main] INFO 11MarchMaven_project - lastname
2023-07-26 22:21:41,948 [main] INFO 11MarchMaven_project - male
2023-07-26 22:21:42,106 [main] INFO 11MarchMaven_project - Female
2023-07-26 22:21:42,450 [main] INFO 11MarchMaven_project - email
2023-07-26 22:21:42,726 [main] INFO 11MarchMaven_project - password
2023-07-26 22:21:42,949 [main] INFO 11MarchMaven_project - confirmpassword
2023-07-26 22:21:43,162 [main] INFO 11MarchMaven_project - companyname
2023-07-26 22:21:44,698 [main] INFO 11MarchMaven_project - register
2023-07-26 22:21:44,699 [main] INFO 11MarchMaven_project - login successfully
2023-07-26 22:21:47,350 [main] INFO 11MarchMaven_project - Continue
2023-07-26 22:23:42,770 [main] INFO 11MarchMaven_project - NewRegistration
2023-07-26 22:23:44,254 [main] INFO 11MarchMaven_project - login
2023-07-26 22:23:44,561 [main] INFO 11MarchMaven_project - Firstname
2023-07-26 22:23:44,825 [main] INFO 11MarchMaven_project - lastname
2023-07-26 22:23:44,976 [main] INFO 11MarchMaven_project - male
2023-07-26 22:23:45,123 [main] INFO 11MarchMaven_project - Female
2023-07-26 22:23:45,442 [main] INFO 11MarchMaven_project - email
2023-07-26 22:23:45,695 [main] INFO 11MarchMaven_project - password
2023-07-26 22:23:45,927 [main] INFO 11MarchMaven_project - confirmpassword
2023-07-26 22:23:46,154 [main] INFO 11MarchMaven_project - companyname
2023-07-26 22:23:47,892 [main] INFO 11MarchMaven_project - register
2023-07-26 22:23:47,893 [main] INFO 11MarchMaven_project - login successfully
2023-07-26 22:23:53,271 [main] INFO 11MarchMaven_project - Continue
2023-07-26 22:27:13,790 [main] INFO 11MarchMaven_project - NewRegistration
2023-07-26 22:27:15,397 [main] INFO 11MarchMaven_project - login
2023-07-26 22:27:15,725 [main] INFO 11MarchMaven_project - Firstname
2023-07-26 22:27:15,993 [main] INFO 11MarchMaven_project - lastname
2023-07-26 22:27:16,133 [main] INFO 11MarchMaven_project - male
2023-07-26 22:27:16,291 [main] INFO 11MarchMaven_project - Female
2023-07-26 22:27:16,674 [main] INFO 11MarchMaven_project - email
2023-07-26 22:27:16,928 [main] INFO 11MarchMaven_project - password
2023-07-26 22:27:17,210 [main] INFO 11MarchMaven_project - confirmpassword
2023-07-26 22:27:17,433 [main] INFO 11MarchMaven_project - companyname
2023-07-26 22:27:20,455 [main] INFO 11MarchMaven_project - register
2023-07-26 22:27:20,457 [main] INFO 11MarchMaven_project - login successfully
2023-07-26 22:27:25,966 [main] INFO 11MarchMaven_project - Continue
2023-07-26 22:39:46,113 [main] INFO 11MarchMaven_project - NewRegistration
2023-07-26 22:39:47,881 [main] INFO 11MarchMaven_project - login
2023-07-26 22:39:48,290 [main] INFO 11MarchMaven_project - Firstname
2023-07-26 22:39:48,627 [main] INFO 11MarchMaven_project - lastname
2023-07-26 22:39:48,845 [main] INFO 11MarchMaven_project - male
2023-07-26 22:39:49,004 [main] INFO 11MarchMaven_project - Female
2023-07-26 22:39:49,349 [main] INFO 11MarchMaven_project - email
2023-07-26 22:39:49,629 [main] INFO 11MarchMaven_project - password
2023-07-26 22:39:49,911 [main] INFO 11MarchMaven_project - confirmpassword
2023-07-26 22:39:50,141 [main] INFO 11MarchMaven_project - companyname
2023-07-26 22:39:53,709 [main] INFO 11MarchMaven_project - register
2023-07-26 22:39:53,710 [main] INFO 11MarchMaven_project - login successfully
2023-07-26 22:40:08,143 [main] INFO 11MarchMaven_project - Continue
2023-07-31 15:21:10,127 [main] INFO 11MarchMaven_project - NewRegistration
2023-07-31 15:21:10,932 [main] INFO 11MarchMaven_project - login
2023-07-31 15:21:11,180 [main] INFO 11MarchMaven_project - Firstname
2023-07-31 15:21:11,435 [main] INFO 11MarchMaven_project - lastname
2023-07-31 15:21:11,557 [main] INFO 11MarchMaven_project - male
2023-07-31 15:21:11,673 [main] INFO 11MarchMaven_project - Female
2023-07-31 15:21:11,949 [main] INFO 11MarchMaven_project - email
2023-07-31 15:21:12,161 [main] INFO 11MarchMaven_project - password
2023-07-31 15:21:12,379 [main] INFO 11MarchMaven_project - confirmpassword
2023-07-31 15:21:12,557 [main] INFO 11MarchMaven_project - companyname
2023-07-31 15:21:14,603 [main] INFO 11MarchMaven_project - register
2023-07-31 15:21:14,604 [main] INFO 11MarchMaven_project - login successfully
2023-07-31 15:21:16,906 [main] INFO 11MarchMaven_project - Continue
2023-07-31 15:23:03,369 [main] INFO 11MarchMaven_project - NewRegistration
2023-07-31 15:23:04,581 [main] INFO 11MarchMaven_project - login
2023-07-31 15:23:04,818 [main] INFO 11MarchMaven_project - Firstname
2023-07-31 15:23:05,054 [main] INFO 11MarchMaven_project - lastname
2023-07-31 15:23:05,193 [main] INFO 11MarchMaven_project - male
2023-07-31 15:23:05,336 [main] INFO 11MarchMaven_project - Female
2023-07-31 15:23:05,675 [main] INFO 11MarchMaven_project - email
2023-07-31 15:23:05,920 [main] INFO 11MarchMaven_project - password
2023-07-31 15:23:06,148 [main] INFO 11MarchMaven_project - confirmpassword
2023-07-31 15:23:06,341 [main] INFO 11MarchMaven_project - companyname
2023-07-31 15:23:07,718 [main] INFO 11MarchMaven_project - register
2023-07-31 15:23:07,718 [main] INFO 11MarchMaven_project - login successfully
2023-07-31 15:23:09,853 [main] INFO 11MarchMaven_project - Continue
2023-07-31 15:25:10,729 [main] INFO 11MarchMaven_project - NewRegistration
2023-07-31 15:25:11,599 [main] INFO 11MarchMaven_project - login
2023-07-31 15:25:11,821 [main] INFO 11MarchMaven_project - Firstname
2023-07-31 15:25:12,070 [main] INFO 11MarchMaven_project - lastname
2023-07-31 15:25:12,232 [main] INFO 11MarchMaven_project - male
2023-07-31 15:25:12,383 [main] INFO 11MarchMaven_project - Female
2023-07-31 15:25:12,751 [main] INFO 11MarchMaven_project - email
2023-07-31 15:25:12,954 [main] INFO 11MarchMaven_project - password
2023-07-31 15:25:13,160 [main] INFO 11MarchMaven_project - confirmpassword
2023-07-31 15:25:13,345 [main] INFO 11MarchMaven_project - companyname
2023-07-31 15:25:14,648 [main] INFO 11MarchMaven_project - register
2023-07-31 15:25:14,649 [main] INFO 11MarchMaven_project - login successfully
2023-07-31 15:25:16,415 [main] INFO 11MarchMaven_project - Continue
