2023-07-23 13:37:41,192 - 11MarchMaven_project -INFO - open Browser
2023-07-23 13:37:41,216 - 11MarchMaven_project -INFO - Maximize the browser
2023-07-23 13:37:44,437 - 11MarchMaven_project -INFO - Open URL
2023-07-23 13:37:45,571 - 11MarchMaven_project -INFO - Enter the user email
2023-07-23 13:37:45,885 - 11MarchMaven_project -INFO - select male gender
2023-07-23 13:37:46,135 - 11MarchMaven_project -INFO - select female gender
2023-07-23 13:37:46,227 - 11MarchMaven_project -INFO - enter the first name
2023-07-23 13:37:46,302 - 11MarchMaven_project -INFO - enter the second name
2023-07-23 13:37:46,350 - 11MarchMaven_project -INFO - enter the month
2023-07-23 13:37:46,387 - 11MarchMaven_project -INFO - enter the day 
2023-07-23 13:37:46,435 - 11MarchMaven_project -INFO - enter the year
2023-07-23 13:37:46,579 - 11MarchMaven_project -INFO - enter the gmail
2023-07-23 13:37:46,716 - 11MarchMaven_project -INFO - enter the company name
2023-07-23 13:37:46,805 - 11MarchMaven_project -INFO - enter the password 
2023-07-23 13:37:46,883 - 11MarchMaven_project -INFO - enter the confirmpassword
2023-07-23 13:37:48,272 - 11MarchMaven_project -INFO - pass testcase
2023-07-23 13:37:48,281 - 11MarchMaven_project -INFO - true testcase
2023-07-23 13:39:38,591 - 11MarchMaven_project -INFO - open Browser
2023-07-23 13:39:38,621 - 11MarchMaven_project -INFO - Maximize the browser
2023-07-23 13:39:41,381 - 11MarchMaven_project -INFO - Open URL
2023-07-23 13:39:42,280 - 11MarchMaven_project -INFO - Enter the user email
2023-07-23 13:39:42,649 - 11MarchMaven_project -INFO - select male gender
2023-07-23 13:39:42,901 - 11MarchMaven_project -INFO - select female gender
2023-07-23 13:39:43,014 - 11MarchMaven_project -INFO - enter the first name
2023-07-23 13:39:43,113 - 11MarchMaven_project -INFO - enter the second name
2023-07-23 13:39:43,164 - 11MarchMaven_project -INFO - enter the month
2023-07-23 13:39:43,204 - 11MarchMaven_project -INFO - enter the day 
2023-07-23 13:39:43,247 - 11MarchMaven_project -INFO - enter the year
2023-07-23 13:39:43,346 - 11MarchMaven_project -INFO - enter the gmail
2023-07-23 13:39:43,445 - 11MarchMaven_project -INFO - enter the company name
2023-07-23 13:39:43,505 - 11MarchMaven_project -INFO - enter the password 
2023-07-23 13:39:43,570 - 11MarchMaven_project -INFO - enter the confirmpassword
2023-07-23 13:39:45,285 - 11MarchMaven_project -INFO - pass testcase
2023-07-23 13:39:45,297 - 11MarchMaven_project -INFO - true testcase
2023-07-23 13:47:46,890 - 11MarchMaven_project -INFO - open Browser
2023-07-23 13:47:46,921 - 11MarchMaven_project -INFO - Maximize the browser
2023-07-23 13:47:50,517 - 11MarchMaven_project -INFO - Open URL
2023-07-23 13:47:51,692 - 11MarchMaven_project -INFO - Enter the user email
2023-07-23 13:47:52,025 - 11MarchMaven_project -INFO - select male gender
2023-07-23 13:47:52,272 - 11MarchMaven_project -INFO - select female gender
2023-07-23 13:47:52,362 - 11MarchMaven_project -INFO - enter the first name
2023-07-23 13:47:52,427 - 11MarchMaven_project -INFO - enter the second name
2023-07-23 13:47:52,477 - 11MarchMaven_project -INFO - enter the month
2023-07-23 13:47:52,512 - 11MarchMaven_project -INFO - enter the day 
2023-07-23 13:47:52,562 - 11MarchMaven_project -INFO - enter the year
2023-07-23 13:47:52,647 - 11MarchMaven_project -INFO - enter the gmail
2023-07-23 13:47:52,732 - 11MarchMaven_project -INFO - enter the company name
2023-07-23 13:47:52,793 - 11MarchMaven_project -INFO - enter the password 
2023-07-23 13:47:52,857 - 11MarchMaven_project -INFO - enter the confirmpassword
2023-07-23 13:47:54,244 - 11MarchMaven_project -INFO - pass testcase
2023-07-23 13:47:54,253 - 11MarchMaven_project -INFO - true testcase
2023-07-23 13:53:47,679 - 11MarchMaven_project -INFO - open Browser
2023-07-23 13:53:47,702 - 11MarchMaven_project -INFO - Maximize the browser
2023-07-23 13:53:50,744 - 11MarchMaven_project -INFO - Open URL
2023-07-23 13:53:51,760 - 11MarchMaven_project -INFO - Enter the user email
2023-07-23 13:53:52,158 - 11MarchMaven_project -INFO - select male gender
2023-07-23 13:53:52,404 - 11MarchMaven_project -INFO - select female gender
2023-07-23 13:53:52,511 - 11MarchMaven_project -INFO - enter the first name
2023-07-23 13:53:52,580 - 11MarchMaven_project -INFO - enter the second name
2023-07-23 13:53:52,638 - 11MarchMaven_project -INFO - enter the month
2023-07-23 13:53:52,675 - 11MarchMaven_project -INFO - enter the day 
2023-07-23 13:53:52,726 - 11MarchMaven_project -INFO - enter the year
2023-07-23 13:53:52,825 - 11MarchMaven_project -INFO - enter the gmail
2023-07-23 13:53:52,909 - 11MarchMaven_project -INFO - enter the company name
2023-07-23 13:53:52,978 - 11MarchMaven_project -INFO - enter the password 
2023-07-23 13:53:53,042 - 11MarchMaven_project -INFO - enter the confirmpassword
2023-07-23 13:53:54,732 - 11MarchMaven_project -INFO - pass testcase
2023-07-23 13:53:54,745 - 11MarchMaven_project -INFO - true testcase
2023-07-23 14:26:24,763 - 11MarchMaven_project -INFO - open Browser
2023-07-23 14:26:24,789 - 11MarchMaven_project -INFO - Maximize the browser
2023-07-23 14:26:28,278 - 11MarchMaven_project -INFO - Open URL
2023-07-23 14:26:29,526 - 11MarchMaven_project -INFO - Enter the user email
2023-07-23 14:26:29,891 - 11MarchMaven_project -INFO - select male gender
2023-07-23 14:26:30,167 - 11MarchMaven_project -INFO - select female gender
2023-07-23 14:26:30,259 - 11MarchMaven_project -INFO - enter the first name
2023-07-23 14:26:30,359 - 11MarchMaven_project -INFO - enter the second name
2023-07-23 14:26:30,411 - 11MarchMaven_project -INFO - enter the month
2023-07-23 14:26:30,457 - 11MarchMaven_project -INFO - enter the day 
2023-07-23 14:26:30,513 - 11MarchMaven_project -INFO - enter the year
2023-07-23 14:26:30,628 - 11MarchMaven_project -INFO - enter the gmail
2023-07-23 14:26:30,727 - 11MarchMaven_project -INFO - enter the company name
2023-07-23 14:26:30,827 - 11MarchMaven_project -INFO - enter the password 
2023-07-23 14:26:30,907 - 11MarchMaven_project -INFO - enter the confirmpassword
2023-07-23 17:52:19,759 - 11MarchMaven_project -INFO - open Browser
2023-07-23 17:52:19,807 - 11MarchMaven_project -INFO - Maximize the browser
2023-07-23 17:52:23,057 - 11MarchMaven_project -INFO - Open URL
2023-07-23 17:52:24,242 - 11MarchMaven_project -INFO - Enter the user email
2023-07-23 17:52:24,568 - 11MarchMaven_project -INFO - select male gender
2023-07-23 17:52:24,842 - 11MarchMaven_project -INFO - select female gender
2023-07-23 17:52:24,924 - 11MarchMaven_project -INFO - enter the first name
2023-07-23 17:52:25,002 - 11MarchMaven_project -INFO - enter the second name
2023-07-23 17:52:25,052 - 11MarchMaven_project -INFO - enter the month
2023-07-23 17:52:25,086 - 11MarchMaven_project -INFO - enter the day 
2023-07-23 17:52:25,157 - 11MarchMaven_project -INFO - enter the year
2023-07-23 17:52:25,301 - 11MarchMaven_project -INFO - enter the gmail
2023-07-23 17:52:25,399 - 11MarchMaven_project -INFO - enter the company name
2023-07-23 17:52:25,471 - 11MarchMaven_project -INFO - enter the password 
2023-07-23 17:52:25,537 - 11MarchMaven_project -INFO - enter the confirmpassword
2023-07-23 17:55:36,733 - 11MarchMaven_project -INFO - open Browser
2023-07-23 17:55:36,759 - 11MarchMaven_project -INFO - Maximize the browser
2023-07-23 17:55:45,427 - 11MarchMaven_project -INFO - Open URL
2023-07-23 17:55:47,005 - 11MarchMaven_project -INFO - Enter the user email
2023-07-23 17:55:47,378 - 11MarchMaven_project -INFO - select male gender
2023-07-23 17:55:47,653 - 11MarchMaven_project -INFO - select female gender
2023-07-23 17:55:47,741 - 11MarchMaven_project -INFO - enter the first name
2023-07-23 17:55:47,811 - 11MarchMaven_project -INFO - enter the second name
2023-07-23 17:55:47,898 - 11MarchMaven_project -INFO - enter the month
2023-07-23 17:55:47,944 - 11MarchMaven_project -INFO - enter the day 
2023-07-23 17:55:47,980 - 11MarchMaven_project -INFO - enter the year
2023-07-23 17:55:48,080 - 11MarchMaven_project -INFO - enter the gmail
2023-07-23 17:55:48,163 - 11MarchMaven_project -INFO - enter the company name
2023-07-23 17:55:48,227 - 11MarchMaven_project -INFO - enter the password 
2023-07-23 17:55:48,309 - 11MarchMaven_project -INFO - enter the confirmpassword
2023-07-23 18:27:07,698 - 11MarchMaven_project -INFO - open Browser
2023-07-23 18:27:07,738 - 11MarchMaven_project -INFO - Maximize the browser
2023-07-23 18:27:10,546 - 11MarchMaven_project -INFO - Open URL
2023-07-23 18:27:11,724 - 11MarchMaven_project -INFO - Enter the user email
2023-07-23 18:27:12,113 - 11MarchMaven_project -INFO - select male gender
2023-07-23 18:27:12,390 - 11MarchMaven_project -INFO - select female gender
2023-07-23 18:27:12,458 - 11MarchMaven_project -INFO - enter the first name
2023-07-23 18:27:12,540 - 11MarchMaven_project -INFO - enter the second name
2023-07-23 18:27:12,612 - 11MarchMaven_project -INFO - enter the month
2023-07-23 18:27:12,661 - 11MarchMaven_project -INFO - enter the day 
2023-07-23 18:27:12,708 - 11MarchMaven_project -INFO - enter the year
2023-07-23 18:27:12,810 - 11MarchMaven_project -INFO - enter the gmail
2023-07-23 18:27:12,924 - 11MarchMaven_project -INFO - enter the company name
2023-07-23 18:27:12,990 - 11MarchMaven_project -INFO - enter the password 
2023-07-23 18:27:13,079 - 11MarchMaven_project -INFO - enter the confirmpassword
2023-07-23 18:29:44,138 - 11MarchMaven_project -INFO - open Browser
2023-07-23 18:29:44,189 - 11MarchMaven_project -INFO - Maximize the browser
2023-07-23 18:29:46,787 - 11MarchMaven_project -INFO - Open URL
2023-07-23 18:29:48,005 - 11MarchMaven_project -INFO - Enter the user email
2023-07-23 18:29:48,406 - 11MarchMaven_project -INFO - select male gender
2023-07-23 18:29:48,671 - 11MarchMaven_project -INFO - select female gender
2023-07-23 18:29:48,751 - 11MarchMaven_project -INFO - enter the first name
2023-07-23 18:29:48,836 - 11MarchMaven_project -INFO - enter the second name
2023-07-23 18:29:48,898 - 11MarchMaven_project -INFO - enter the month
2023-07-23 18:29:48,956 - 11MarchMaven_project -INFO - enter the day 
2023-07-23 18:29:49,046 - 11MarchMaven_project -INFO - enter the year
2023-07-23 18:29:49,176 - 11MarchMaven_project -INFO - enter the gmail
2023-07-23 18:29:49,280 - 11MarchMaven_project -INFO - enter the company name
2023-07-23 18:29:49,353 - 11MarchMaven_project -INFO - enter the password 
2023-07-23 18:29:49,440 - 11MarchMaven_project -INFO - enter the confirmpassword
2023-07-24 09:34:57,725 - 11MarchMaven_project -INFO - Enter the user email
2023-07-24 09:34:57,941 - 11MarchMaven_project -INFO - select male gender
2023-07-24 09:34:58,123 - 11MarchMaven_project -INFO - select female gender
2023-07-24 09:34:58,319 - 11MarchMaven_project -INFO - enter the first name
2023-07-24 09:34:58,501 - 11MarchMaven_project -INFO - enter the second name
2023-07-24 09:34:58,637 - 11MarchMaven_project -INFO - enter the month
2023-07-24 09:34:58,766 - 11MarchMaven_project -INFO - enter the day 
2023-07-24 09:34:58,902 - 11MarchMaven_project -INFO - enter the year
2023-07-24 09:34:59,162 - 11MarchMaven_project -INFO - enter the gmail
2023-07-24 09:34:59,387 - 11MarchMaven_project -INFO - enter the company name
2023-07-24 09:34:59,595 - 11MarchMaven_project -INFO - enter the password 
2023-07-24 09:34:59,801 - 11MarchMaven_project -INFO - enter the confirmpassword
2023-07-24 09:35:02,326 - 11MarchMaven_project -INFO - pass testcase
2023-07-24 09:35:02,334 - 11MarchMaven_project -INFO - true testcase
2023-07-24 09:37:17,234 - 11MarchMaven_project -INFO - Enter the user email
2023-07-24 09:37:17,388 - 11MarchMaven_project -INFO - select male gender
2023-07-24 09:37:17,529 - 11MarchMaven_project -INFO - select female gender
2023-07-24 09:37:17,716 - 11MarchMaven_project -INFO - enter the first name
2023-07-24 09:37:17,884 - 11MarchMaven_project -INFO - enter the second name
2023-07-24 09:37:18,013 - 11MarchMaven_project -INFO - enter the month
2023-07-24 09:37:18,118 - 11MarchMaven_project -INFO - enter the day 
2023-07-24 09:37:18,243 - 11MarchMaven_project -INFO - enter the year
2023-07-24 09:37:18,483 - 11MarchMaven_project -INFO - enter the gmail
2023-07-24 09:37:18,692 - 11MarchMaven_project -INFO - enter the company name
2023-07-24 09:37:18,872 - 11MarchMaven_project -INFO - enter the password 
2023-07-24 09:37:19,067 - 11MarchMaven_project -INFO - enter the confirmpassword
2023-07-24 09:37:21,106 - 11MarchMaven_project -INFO - pass testcase
2023-07-24 09:37:21,113 - 11MarchMaven_project -INFO - true testcase
2023-07-24 11:03:21,028 - 11MarchMaven_project -INFO - Enter the user email
2023-07-24 11:03:21,185 - 11MarchMaven_project -INFO - select male gender
2023-07-24 11:03:21,305 - 11MarchMaven_project -INFO - select female gender
2023-07-24 11:03:21,493 - 11MarchMaven_project -INFO - enter the first name
2023-07-24 11:03:21,670 - 11MarchMaven_project -INFO - enter the second name
2023-07-24 11:03:21,803 - 11MarchMaven_project -INFO - enter the month
2023-07-24 11:03:21,920 - 11MarchMaven_project -INFO - enter the day 
2023-07-24 11:03:22,051 - 11MarchMaven_project -INFO - enter the year
2023-07-24 11:03:22,294 - 11MarchMaven_project -INFO - enter the gmail
2023-07-24 11:03:22,521 - 11MarchMaven_project -INFO - enter the company name
2023-07-24 11:03:22,714 - 11MarchMaven_project -INFO - enter the password 
2023-07-24 11:03:22,911 - 11MarchMaven_project -INFO - enter the confirmpassword
2023-07-24 11:03:25,223 - 11MarchMaven_project -INFO - pass testcase
2023-07-24 11:03:25,230 - 11MarchMaven_project -INFO - true testcase
2023-07-24 12:22:59,973 - 11MarchMaven_project -INFO - Enter the user email
2023-07-24 12:23:00,165 - 11MarchMaven_project -INFO - select male gender
2023-07-24 12:23:00,285 - 11MarchMaven_project -INFO - select female gender
2023-07-24 12:23:00,493 - 11MarchMaven_project -INFO - enter the first name
2023-07-24 12:23:00,683 - 11MarchMaven_project -INFO - enter the second name
2023-07-24 12:23:00,825 - 11MarchMaven_project -INFO - enter the month
2023-07-24 12:23:00,947 - 11MarchMaven_project -INFO - enter the day 
2023-07-24 12:23:01,080 - 11MarchMaven_project -INFO - enter the year
2023-07-24 12:23:01,352 - 11MarchMaven_project -INFO - enter the gmail
2023-07-24 12:23:01,581 - 11MarchMaven_project -INFO - enter the company name
2023-07-24 12:23:01,780 - 11MarchMaven_project -INFO - enter the password 
2023-07-24 12:23:01,969 - 11MarchMaven_project -INFO - enter the confirmpassword
2023-07-24 12:23:04,280 - 11MarchMaven_project -INFO - pass testcase
2023-07-24 12:23:04,284 - 11MarchMaven_project -INFO - true testcase
2023-07-24 13:30:34,062 - 11MarchMaven_project -INFO - Enter the user email
2023-07-24 13:30:34,249 - 11MarchMaven_project -INFO - select male gender
2023-07-24 13:30:34,376 - 11MarchMaven_project -INFO - select female gender
2023-07-24 13:30:34,555 - 11MarchMaven_project -INFO - enter the first name
2023-07-24 13:30:34,744 - 11MarchMaven_project -INFO - enter the second name
2023-07-24 13:30:34,883 - 11MarchMaven_project -INFO - enter the month
2023-07-24 13:30:35,000 - 11MarchMaven_project -INFO - enter the day 
2023-07-24 13:30:35,131 - 11MarchMaven_project -INFO - enter the year
2023-07-24 13:30:35,363 - 11MarchMaven_project -INFO - enter the gmail
2023-07-24 13:30:35,572 - 11MarchMaven_project -INFO - enter the company name
2023-07-24 13:30:35,764 - 11MarchMaven_project -INFO - enter the password 
2023-07-24 13:30:35,971 - 11MarchMaven_project -INFO - enter the confirmpassword
2023-07-24 13:30:37,280 - 11MarchMaven_project -INFO - pass testcase
2023-07-24 13:30:37,290 - 11MarchMaven_project -INFO - true testcase
2023-07-24 14:07:47,362 - 11MarchMaven_project -INFO - Enter the user email
2023-07-24 14:07:47,547 - 11MarchMaven_project -INFO - select male gender
2023-07-24 14:07:47,672 - 11MarchMaven_project -INFO - select female gender
2023-07-24 14:07:47,865 - 11MarchMaven_project -INFO - enter the first name
2023-07-24 14:07:48,069 - 11MarchMaven_project -INFO - enter the second name
2023-07-24 14:07:48,211 - 11MarchMaven_project -INFO - enter the month
2023-07-24 14:07:48,329 - 11MarchMaven_project -INFO - enter the day 
2023-07-24 14:07:48,457 - 11MarchMaven_project -INFO - enter the year
2023-07-24 14:07:48,799 - 11MarchMaven_project -INFO - enter the gmail
2023-07-24 14:07:49,031 - 11MarchMaven_project -INFO - enter the company name
2023-07-24 14:07:49,270 - 11MarchMaven_project -INFO - enter the password 
2023-07-24 14:07:49,478 - 11MarchMaven_project -INFO - enter the confirmpassword
2023-07-24 14:07:51,343 - 11MarchMaven_project -INFO - pass testcase
2023-07-24 14:07:51,348 - 11MarchMaven_project -INFO - true testcase
2023-07-24 23:08:03,677 - 11MarchMaven_project -INFO - NewRegistration
2023-07-24 23:08:04,762 - 11MarchMaven_project -INFO - login
2023-07-24 23:08:05,079 - 11MarchMaven_project -INFO - Firstname
2023-07-24 23:08:05,305 - 11MarchMaven_project -INFO - lastname
2023-07-24 23:20:56,418 - 11MarchMaven_project -INFO - NewRegistration
2023-07-24 23:20:57,258 - 11MarchMaven_project -INFO - login
2023-07-24 23:20:57,472 - 11MarchMaven_project -INFO - Firstname
2023-07-24 23:20:57,673 - 11MarchMaven_project -INFO - lastname
2023-07-24 23:20:57,793 - 11MarchMaven_project -INFO - male
2023-07-24 23:20:57,901 - 11MarchMaven_project -INFO - Female
2023-07-24 23:20:58,120 - 11MarchMaven_project -INFO - email
2023-07-24 23:20:58,308 - 11MarchMaven_project -INFO - password
2023-07-24 23:20:58,489 - 11MarchMaven_project -INFO - confirmpassword
2023-07-24 23:20:58,668 - 11MarchMaven_project -INFO - companyname
2023-07-24 23:21:00,279 - 11MarchMaven_project -INFO - register
2023-07-24 23:49:56,290 - 11MarchMaven_project -INFO - NewRegistration
2023-07-24 23:49:58,211 - 11MarchMaven_project -INFO - login
2023-07-24 23:49:58,449 - 11MarchMaven_project -INFO - Firstname
2023-07-24 23:49:58,690 - 11MarchMaven_project -INFO - lastname
2023-07-24 23:49:58,804 - 11MarchMaven_project -INFO - male
2023-07-24 23:49:58,908 - 11MarchMaven_project -INFO - Female
2023-07-24 23:49:59,141 - 11MarchMaven_project -INFO - email
2023-07-24 23:49:59,335 - 11MarchMaven_project -INFO - password
2023-07-24 23:49:59,550 - 11MarchMaven_project -INFO - confirmpassword
2023-07-24 23:49:59,729 - 11MarchMaven_project -INFO - companyname
2023-07-24 23:50:01,835 - 11MarchMaven_project -INFO - register
2023-07-24 23:50:01,835 - 11MarchMaven_project -INFO - login successfully
2023-07-25 00:19:08,117 - 11MarchMaven_project -INFO - email
2023-07-25 00:19:08,314 - 11MarchMaven_project -INFO - Password
2023-07-25 00:20:16,112 - 11MarchMaven_project -INFO - email
2023-07-25 00:20:16,302 - 11MarchMaven_project -INFO - Password
2023-07-25 00:28:07,482 - 11MarchMaven_project -INFO - NewRegistration
2023-07-25 10:16:23,340 - 11MarchMaven_project -INFO - NewRegistration
2023-07-25 10:16:24,151 - 11MarchMaven_project -INFO - login
2023-07-25 10:16:24,348 - 11MarchMaven_project -INFO - Firstname
2023-07-25 10:16:24,542 - 11MarchMaven_project -INFO - lastname
2023-07-25 10:16:24,665 - 11MarchMaven_project -INFO - male
2023-07-25 10:16:24,766 - 11MarchMaven_project -INFO - Female
2023-07-25 10:16:25,021 - 11MarchMaven_project -INFO - email
2023-07-25 10:16:25,203 - 11MarchMaven_project -INFO - password
2023-07-25 10:16:25,378 - 11MarchMaven_project -INFO - confirmpassword
2023-07-25 10:16:25,575 - 11MarchMaven_project -INFO - companyname
2023-07-25 10:16:27,386 - 11MarchMaven_project -INFO - register
2023-07-25 10:16:27,387 - 11MarchMaven_project -INFO - login successfully
2023-07-25 10:47:47,717 - 11MarchMaven_project -INFO - NewRegistration
2023-07-25 10:47:48,485 - 11MarchMaven_project -INFO - login
2023-07-25 10:47:48,686 - 11MarchMaven_project -INFO - Firstname
2023-07-25 10:47:48,887 - 11MarchMaven_project -INFO - lastname
2023-07-25 10:47:49,018 - 11MarchMaven_project -INFO - male
2023-07-25 10:47:49,131 - 11MarchMaven_project -INFO - Female
2023-07-25 10:47:49,487 - 11MarchMaven_project -INFO - email
2023-07-25 10:47:49,793 - 11MarchMaven_project -INFO - password
2023-07-25 10:47:50,120 - 11MarchMaven_project -INFO - confirmpassword
2023-07-25 10:47:50,313 - 11MarchMaven_project -INFO - companyname
2023-07-25 10:47:51,464 - 11MarchMaven_project -INFO - register
2023-07-25 10:47:51,464 - 11MarchMaven_project -INFO - login successfully
2023-07-25 11:12:05,229 - 11MarchMaven_project -INFO - NewRegistration
2023-07-25 11:12:06,052 - 11MarchMaven_project -INFO - login
2023-07-25 11:12:06,267 - 11MarchMaven_project -INFO - Firstname
2023-07-25 11:12:06,478 - 11MarchMaven_project -INFO - lastname
2023-07-25 11:12:06,598 - 11MarchMaven_project -INFO - male
2023-07-25 11:12:06,705 - 11MarchMaven_project -INFO - Female
2023-07-25 11:12:06,980 - 11MarchMaven_project -INFO - email
2023-07-25 11:12:07,162 - 11MarchMaven_project -INFO - password
2023-07-25 11:12:07,338 - 11MarchMaven_project -INFO - confirmpassword
2023-07-25 11:12:07,506 - 11MarchMaven_project -INFO - companyname
2023-07-25 11:12:09,084 - 11MarchMaven_project -INFO - register
2023-07-25 11:12:09,085 - 11MarchMaven_project -INFO - login successfully
2023-07-25 11:13:21,416 - 11MarchMaven_project -INFO - NewRegistration
2023-07-25 11:13:22,861 - 11MarchMaven_project -INFO - login
2023-07-25 11:13:23,049 - 11MarchMaven_project -INFO - Firstname
2023-07-25 11:13:23,255 - 11MarchMaven_project -INFO - lastname
2023-07-25 11:13:23,378 - 11MarchMaven_project -INFO - male
2023-07-25 11:13:23,489 - 11MarchMaven_project -INFO - Female
2023-07-25 11:13:23,738 - 11MarchMaven_project -INFO - email
2023-07-25 11:13:23,927 - 11MarchMaven_project -INFO - password
2023-07-25 11:13:24,099 - 11MarchMaven_project -INFO - confirmpassword
2023-07-25 11:13:24,259 - 11MarchMaven_project -INFO - companyname
2023-07-25 11:13:25,418 - 11MarchMaven_project -INFO - register
2023-07-25 11:13:25,419 - 11MarchMaven_project -INFO - login successfully
2023-07-25 11:19:29,931 - 11MarchMaven_project -INFO - NewRegistration
2023-07-25 11:19:32,300 - 11MarchMaven_project -INFO - login
2023-07-25 11:19:32,517 - 11MarchMaven_project -INFO - Firstname
2023-07-25 11:19:32,731 - 11MarchMaven_project -INFO - lastname
2023-07-25 11:19:32,856 - 11MarchMaven_project -INFO - male
2023-07-25 11:19:32,973 - 11MarchMaven_project -INFO - Female
2023-07-25 11:19:33,224 - 11MarchMaven_project -INFO - email
2023-07-25 11:19:33,431 - 11MarchMaven_project -INFO - password
2023-07-25 11:19:33,684 - 11MarchMaven_project -INFO - confirmpassword
2023-07-25 11:19:33,915 - 11MarchMaven_project -INFO - companyname
2023-07-25 11:19:36,656 - 11MarchMaven_project -INFO - register
2023-07-25 11:19:36,659 - 11MarchMaven_project -INFO - login successfully
2023-07-25 11:19:38,281 - 11MarchMaven_project -INFO - Continue
2023-07-25 12:50:00,115 - 11MarchMaven_project -INFO - addtocart
2023-07-25 13:12:22,184 - 11MarchMaven_project -INFO - addtocart
2023-07-25 13:12:22,319 - 11MarchMaven_project -INFO - Add
2023-07-25 13:21:57,929 - 11MarchMaven_project -INFO - addtocart
2023-07-25 13:21:58,063 - 11MarchMaven_project -INFO - Add
2023-07-25 13:21:58,149 - 11MarchMaven_project -INFO - add
2023-07-25 13:37:16,121 - 11MarchMaven_project -INFO - addtocart
2023-07-25 13:37:16,256 - 11MarchMaven_project -INFO - Add
2023-07-25 13:37:16,370 - 11MarchMaven_project -INFO - add
2023-07-25 15:02:36,132 - 11MarchMaven_project -INFO - addtocart
2023-07-25 17:55:18,970 - 11MarchMaven_project -INFO - NewRegistration
2023-07-25 17:55:19,787 - 11MarchMaven_project -INFO - login
2023-07-25 17:55:20,031 - 11MarchMaven_project -INFO - Firstname
2023-07-25 17:55:20,231 - 11MarchMaven_project -INFO - lastname
2023-07-25 17:55:20,365 - 11MarchMaven_project -INFO - male
2023-07-25 17:55:20,467 - 11MarchMaven_project -INFO - Female
2023-07-25 17:55:20,755 - 11MarchMaven_project -INFO - email
2023-07-25 17:55:20,963 - 11MarchMaven_project -INFO - password
2023-07-25 17:55:21,177 - 11MarchMaven_project -INFO - confirmpassword
2023-07-25 17:55:21,360 - 11MarchMaven_project -INFO - companyname
2023-07-25 17:55:23,733 - 11MarchMaven_project -INFO - register
2023-07-25 17:55:23,734 - 11MarchMaven_project -INFO - login successfully
2023-07-25 17:55:26,110 - 11MarchMaven_project -INFO - Continue
2023-07-25 18:01:37,869 - 11MarchMaven_project -INFO - NewRegistration
2023-07-25 18:01:40,284 - 11MarchMaven_project -INFO - login
2023-07-25 18:01:40,560 - 11MarchMaven_project -INFO - Firstname
2023-07-25 18:01:40,910 - 11MarchMaven_project -INFO - lastname
2023-07-25 18:01:41,102 - 11MarchMaven_project -INFO - male
2023-07-25 18:01:41,280 - 11MarchMaven_project -INFO - Female
2023-07-25 18:01:41,719 - 11MarchMaven_project -INFO - email
2023-07-25 18:01:41,929 - 11MarchMaven_project -INFO - password
2023-07-25 18:01:42,121 - 11MarchMaven_project -INFO - confirmpassword
2023-07-25 18:01:42,294 - 11MarchMaven_project -INFO - companyname
2023-07-25 18:01:44,286 - 11MarchMaven_project -INFO - register
2023-07-25 18:01:44,287 - 11MarchMaven_project -INFO - login successfully
2023-07-25 18:01:46,236 - 11MarchMaven_project -INFO - Continue
2023-07-25 18:04:34,672 - 11MarchMaven_project -INFO - NewRegistration
2023-07-25 18:04:36,278 - 11MarchMaven_project -INFO - login
2023-07-25 18:04:36,599 - 11MarchMaven_project -INFO - Firstname
2023-07-25 18:04:36,839 - 11MarchMaven_project -INFO - lastname
2023-07-25 18:04:37,017 - 11MarchMaven_project -INFO - male
2023-07-25 18:04:37,136 - 11MarchMaven_project -INFO - Female
2023-07-25 18:04:37,401 - 11MarchMaven_project -INFO - email
2023-07-25 18:04:37,600 - 11MarchMaven_project -INFO - password
2023-07-25 18:04:37,795 - 11MarchMaven_project -INFO - confirmpassword
2023-07-25 18:04:37,976 - 11MarchMaven_project -INFO - companyname
2023-07-25 18:04:38,119 - 11MarchMaven_project -INFO - register
2023-07-25 18:04:38,119 - 11MarchMaven_project -INFO - login successfully
2023-07-25 18:56:30,491 - 11MarchMaven_project -INFO - NewRegistration
2023-07-25 18:56:31,341 - 11MarchMaven_project -INFO - login
2023-07-25 18:56:31,574 - 11MarchMaven_project -INFO - Firstname
2023-07-25 18:56:31,786 - 11MarchMaven_project -INFO - lastname
2023-07-25 18:56:31,909 - 11MarchMaven_project -INFO - male
2023-07-25 18:56:32,007 - 11MarchMaven_project -INFO - Female
2023-07-25 18:56:32,301 - 11MarchMaven_project -INFO - email
2023-07-25 18:56:32,563 - 11MarchMaven_project -INFO - password
2023-07-25 18:56:32,750 - 11MarchMaven_project -INFO - confirmpassword
2023-07-25 18:56:32,932 - 11MarchMaven_project -INFO - companyname
2023-07-25 18:56:33,068 - 11MarchMaven_project -INFO - register
2023-07-25 18:56:33,068 - 11MarchMaven_project -INFO - login successfully
2023-07-26 17:31:23,753 - 11MarchMaven_project -INFO - NewRegistration
2023-07-26 17:31:24,709 - 11MarchMaven_project -INFO - login
2023-07-26 17:31:24,985 - 11MarchMaven_project -INFO - Firstname
2023-07-26 17:31:25,313 - 11MarchMaven_project -INFO - lastname
2023-07-26 17:31:25,498 - 11MarchMaven_project -INFO - male
2023-07-26 17:31:25,628 - 11MarchMaven_project -INFO - Female
2023-07-26 17:31:25,906 - 11MarchMaven_project -INFO - email
2023-07-26 17:31:26,136 - 11MarchMaven_project -INFO - password
2023-07-26 17:31:26,352 - 11MarchMaven_project -INFO - confirmpassword
2023-07-26 17:31:26,553 - 11MarchMaven_project -INFO - companyname
2023-07-26 17:31:26,725 - 11MarchMaven_project -INFO - register
2023-07-26 17:31:26,726 - 11MarchMaven_project -INFO - login successfully
2023-07-26 17:32:13,333 - 11MarchMaven_project -INFO - NewRegistration
2023-07-26 17:32:14,520 - 11MarchMaven_project -INFO - login
2023-07-26 17:32:14,780 - 11MarchMaven_project -INFO - Firstname
2023-07-26 17:32:15,078 - 11MarchMaven_project -INFO - lastname
2023-07-26 17:32:15,219 - 11MarchMaven_project -INFO - male
2023-07-26 17:32:15,366 - 11MarchMaven_project -INFO - Female
2023-07-26 17:32:15,662 - 11MarchMaven_project -INFO - email
2023-07-26 17:32:15,901 - 11MarchMaven_project -INFO - password
2023-07-26 17:32:16,133 - 11MarchMaven_project -INFO - confirmpassword
2023-07-26 17:32:16,346 - 11MarchMaven_project -INFO - companyname
2023-07-26 17:32:18,204 - 11MarchMaven_project -INFO - register
2023-07-26 17:32:18,204 - 11MarchMaven_project -INFO - login successfully
2023-07-26 17:32:20,135 - 11MarchMaven_project -INFO - Continue
2023-07-26 22:12:30,285 - 11MarchMaven_project -INFO - NewRegistration
2023-07-26 22:12:31,480 - 11MarchMaven_project -INFO - login
2023-07-26 22:12:31,787 - 11MarchMaven_project -INFO - Firstname
2023-07-26 22:12:32,064 - 11MarchMaven_project -INFO - lastname
2023-07-26 22:12:32,222 - 11MarchMaven_project -INFO - male
2023-07-26 22:12:32,351 - 11MarchMaven_project -INFO - Female
2023-07-26 22:12:32,665 - 11MarchMaven_project -INFO - email
2023-07-26 22:12:32,926 - 11MarchMaven_project -INFO - password
2023-07-26 22:12:33,163 - 11MarchMaven_project -INFO - confirmpassword
2023-07-26 22:12:33,384 - 11MarchMaven_project -INFO - companyname
2023-07-26 22:12:34,677 - 11MarchMaven_project -INFO - register
2023-07-26 22:12:34,686 - 11MarchMaven_project -INFO - login successfully
2023-07-26 22:12:37,704 - 11MarchMaven_project -INFO - Continue
2023-07-26 22:21:40,149 - 11MarchMaven_project -INFO - NewRegistration
2023-07-26 22:21:41,229 - 11MarchMaven_project -INFO - login
2023-07-26 22:21:41,537 - 11MarchMaven_project -INFO - Firstname
2023-07-26 22:21:41,803 - 11MarchMaven_project -INFO - lastname
2023-07-26 22:21:41,948 - 11MarchMaven_project -INFO - male
2023-07-26 22:21:42,106 - 11MarchMaven_project -INFO - Female
2023-07-26 22:21:42,450 - 11MarchMaven_project -INFO - email
2023-07-26 22:21:42,726 - 11MarchMaven_project -INFO - password
2023-07-26 22:21:42,949 - 11MarchMaven_project -INFO - confirmpassword
2023-07-26 22:21:43,162 - 11MarchMaven_project -INFO - companyname
2023-07-26 22:21:44,698 - 11MarchMaven_project -INFO - register
2023-07-26 22:21:44,699 - 11MarchMaven_project -INFO - login successfully
2023-07-26 22:21:47,350 - 11MarchMaven_project -INFO - Continue
2023-07-26 22:23:42,770 - 11MarchMaven_project -INFO - NewRegistration
2023-07-26 22:23:44,254 - 11MarchMaven_project -INFO - login
2023-07-26 22:23:44,561 - 11MarchMaven_project -INFO - Firstname
2023-07-26 22:23:44,825 - 11MarchMaven_project -INFO - lastname
2023-07-26 22:23:44,976 - 11MarchMaven_project -INFO - male
2023-07-26 22:23:45,123 - 11MarchMaven_project -INFO - Female
2023-07-26 22:23:45,442 - 11MarchMaven_project -INFO - email
2023-07-26 22:23:45,695 - 11MarchMaven_project -INFO - password
2023-07-26 22:23:45,927 - 11MarchMaven_project -INFO - confirmpassword
2023-07-26 22:23:46,154 - 11MarchMaven_project -INFO - companyname
2023-07-26 22:23:47,892 - 11MarchMaven_project -INFO - register
2023-07-26 22:23:47,893 - 11MarchMaven_project -INFO - login successfully
2023-07-26 22:23:53,271 - 11MarchMaven_project -INFO - Continue
2023-07-26 22:27:13,790 - 11MarchMaven_project -INFO - NewRegistration
2023-07-26 22:27:15,397 - 11MarchMaven_project -INFO - login
2023-07-26 22:27:15,725 - 11MarchMaven_project -INFO - Firstname
2023-07-26 22:27:15,993 - 11MarchMaven_project -INFO - lastname
2023-07-26 22:27:16,133 - 11MarchMaven_project -INFO - male
2023-07-26 22:27:16,291 - 11MarchMaven_project -INFO - Female
2023-07-26 22:27:16,674 - 11MarchMaven_project -INFO - email
2023-07-26 22:27:16,928 - 11MarchMaven_project -INFO - password
2023-07-26 22:27:17,210 - 11MarchMaven_project -INFO - confirmpassword
2023-07-26 22:27:17,433 - 11MarchMaven_project -INFO - companyname
2023-07-26 22:27:20,455 - 11MarchMaven_project -INFO - register
2023-07-26 22:27:20,457 - 11MarchMaven_project -INFO - login successfully
2023-07-26 22:27:25,966 - 11MarchMaven_project -INFO - Continue
2023-07-26 22:39:46,113 - 11MarchMaven_project -INFO - NewRegistration
2023-07-26 22:39:47,881 - 11MarchMaven_project -INFO - login
2023-07-26 22:39:48,290 - 11MarchMaven_project -INFO - Firstname
2023-07-26 22:39:48,627 - 11MarchMaven_project -INFO - lastname
2023-07-26 22:39:48,845 - 11MarchMaven_project -INFO - male
2023-07-26 22:39:49,004 - 11MarchMaven_project -INFO - Female
2023-07-26 22:39:49,349 - 11MarchMaven_project -INFO - email
2023-07-26 22:39:49,629 - 11MarchMaven_project -INFO - password
2023-07-26 22:39:49,911 - 11MarchMaven_project -INFO - confirmpassword
2023-07-26 22:39:50,141 - 11MarchMaven_project -INFO - companyname
2023-07-26 22:39:53,709 - 11MarchMaven_project -INFO - register
2023-07-26 22:39:53,710 - 11MarchMaven_project -INFO - login successfully
2023-07-26 22:40:08,143 - 11MarchMaven_project -INFO - Continue
2023-07-31 15:21:10,127 - 11MarchMaven_project -INFO - NewRegistration
2023-07-31 15:21:10,932 - 11MarchMaven_project -INFO - login
2023-07-31 15:21:11,180 - 11MarchMaven_project -INFO - Firstname
2023-07-31 15:21:11,435 - 11MarchMaven_project -INFO - lastname
2023-07-31 15:21:11,557 - 11MarchMaven_project -INFO - male
2023-07-31 15:21:11,673 - 11MarchMaven_project -INFO - Female
2023-07-31 15:21:11,949 - 11MarchMaven_project -INFO - email
2023-07-31 15:21:12,161 - 11MarchMaven_project -INFO - password
2023-07-31 15:21:12,379 - 11MarchMaven_project -INFO - confirmpassword
2023-07-31 15:21:12,557 - 11MarchMaven_project -INFO - companyname
2023-07-31 15:21:14,603 - 11MarchMaven_project -INFO - register
2023-07-31 15:21:14,604 - 11MarchMaven_project -INFO - login successfully
2023-07-31 15:21:16,906 - 11MarchMaven_project -INFO - Continue
2023-07-31 15:23:03,369 - 11MarchMaven_project -INFO - NewRegistration
2023-07-31 15:23:04,581 - 11MarchMaven_project -INFO - login
2023-07-31 15:23:04,818 - 11MarchMaven_project -INFO - Firstname
2023-07-31 15:23:05,054 - 11MarchMaven_project -INFO - lastname
2023-07-31 15:23:05,193 - 11MarchMaven_project -INFO - male
2023-07-31 15:23:05,336 - 11MarchMaven_project -INFO - Female
2023-07-31 15:23:05,675 - 11MarchMaven_project -INFO - email
2023-07-31 15:23:05,920 - 11MarchMaven_project -INFO - password
2023-07-31 15:23:06,148 - 11MarchMaven_project -INFO - confirmpassword
2023-07-31 15:23:06,341 - 11MarchMaven_project -INFO - companyname
2023-07-31 15:23:07,718 - 11MarchMaven_project -INFO - register
2023-07-31 15:23:07,718 - 11MarchMaven_project -INFO - login successfully
2023-07-31 15:23:09,853 - 11MarchMaven_project -INFO - Continue
2023-07-31 15:25:10,729 - 11MarchMaven_project -INFO - NewRegistration
2023-07-31 15:25:11,599 - 11MarchMaven_project -INFO - login
2023-07-31 15:25:11,821 - 11MarchMaven_project -INFO - Firstname
2023-07-31 15:25:12,070 - 11MarchMaven_project -INFO - lastname
2023-07-31 15:25:12,232 - 11MarchMaven_project -INFO - male
2023-07-31 15:25:12,383 - 11MarchMaven_project -INFO - Female
2023-07-31 15:25:12,751 - 11MarchMaven_project -INFO - email
2023-07-31 15:25:12,954 - 11MarchMaven_project -INFO - password
2023-07-31 15:25:13,160 - 11MarchMaven_project -INFO - confirmpassword
2023-07-31 15:25:13,345 - 11MarchMaven_project -INFO - companyname
2023-07-31 15:25:14,648 - 11MarchMaven_project -INFO - register
2023-07-31 15:25:14,649 - 11MarchMaven_project -INFO - login successfully
2023-07-31 15:25:16,415 - 11MarchMaven_project -INFO - Continue
